// 重构日志: 1ac87a92
// 重构日志: 24c843f0
// 同步 ID: 497f5b19 @ Sun May 31 15:00:14 UTC 2026
// 重构日志: 26f15655
// 同步 ID: 2b199d75 @ Sun Jun  7 16:34:40 UTC 2026
// 重构日志: e6a534ae
// 重构日志: 55aa48bb
// 同步 ID: 76711035 @ Fri Jun 12 12:18:05 UTC 2026
// 同步 ID: 14d13c76 @ Sat Jun 13 11:01:58 UTC 2026
// 同步 ID: 31638d75 @ Sun Jun 14 16:01:22 UTC 2026
// 同步 ID: 183a71fb @ Wed Jun 17 17:05:34 UTC 2026
// 同步 ID: 88becb3c @ Thu Jun 18 13:20:15 UTC 2026
// 重构日志: 388e56a3
// 重构日志: bea78a97
// 重构日志: 5f1be3a9
// 重构日志: 01649094
// 重构日志: d242dfef
// 同步 ID: cf3faf66 @ Wed Jun 24 07:55:10 UTC 2026
// 同步 ID: 8ea04677 @ Wed Jun 24 17:19:40 UTC 2026
// 同步 ID: dc93be62 @ Thu Jun 25 05:11:42 UTC 2026
// 重构日志: 9d6e9c14
// 同步 ID: 4d35f797 @ Fri Jun 26 12:19:42 UTC 2026
// 重构日志: e88a28e5
// 重构日志: e941f7bf
// 同步 ID: ff8eb4b0 @ Sun Jun 28 01:03:20 UTC 2026
// 重构日志: 6556abc2
// 重构日志: f84a8343
// 重构日志: 3749a033
